<?xml version="1.0" encoding="UTF-8"?>
<testng-results ignored="0" total="2" passed="2" failed="0" skipped="0">
  <reporter-output>
  </reporter-output>
  <suite started-at="2026-03-29T18:23:10 VET" name="Default suite" finished-at="2026-03-29T18:23:35 VET" duration-ms="25104">
    <groups>
    </groups>
    <test started-at="2026-03-29T18:23:10 VET" name="Default test" finished-at="2026-03-29T18:23:35 VET" duration-ms="25104">
      <class name="QA_Assessment.hoyts_qa_test.searchMovie">
        <test-method is-config="true" signature="launchApplication()[pri:0, instance:QA_Assessment.hoyts_qa_test.searchMovie@557caf28]" started-at="2026-03-29T18:23:10 VET" name="launchApplication" finished-at="2026-03-29T18:23:15 VET" duration-ms="4644" status="PASS">
          <reporter-output>
          </reporter-output>
        </test-method> <!-- launchApplication -->
        <test-method signature="searchInvalidMovieTest()[pri:0, instance:QA_Assessment.hoyts_qa_test.searchMovie@557caf28]" started-at="2026-03-29T18:23:15 VET" name="searchInvalidMovieTest" finished-at="2026-03-29T18:23:21 VET" duration-ms="6492" status="PASS">
          <reporter-output>
          </reporter-output>
        </test-method> <!-- searchInvalidMovieTest -->
        <test-method is-config="true" signature="tearDown()[pri:0, instance:QA_Assessment.hoyts_qa_test.searchMovie@557caf28]" started-at="2026-03-29T18:23:21 VET" name="tearDown" finished-at="2026-03-29T18:23:22 VET" duration-ms="992" status="PASS">
          <reporter-output>
          </reporter-output>
        </test-method> <!-- tearDown -->
        <test-method is-config="true" signature="launchApplication()[pri:0, instance:QA_Assessment.hoyts_qa_test.searchMovie@557caf28]" started-at="2026-03-29T18:23:22 VET" name="launchApplication" finished-at="2026-03-29T18:23:27 VET" duration-ms="5090" status="PASS">
          <reporter-output>
          </reporter-output>
        </test-method> <!-- launchApplication -->
        <test-method signature="searchValidMovieTest()[pri:0, instance:QA_Assessment.hoyts_qa_test.searchMovie@557caf28]" started-at="2026-03-29T18:23:27 VET" name="searchValidMovieTest" finished-at="2026-03-29T18:23:34 VET" duration-ms="6725" status="PASS">
          <reporter-output>
          </reporter-output>
        </test-method> <!-- searchValidMovieTest -->
        <test-method is-config="true" signature="tearDown()[pri:0, instance:QA_Assessment.hoyts_qa_test.searchMovie@557caf28]" started-at="2026-03-29T18:23:34 VET" name="tearDown" finished-at="2026-03-29T18:23:35 VET" duration-ms="1121" status="PASS">
          <reporter-output>
          </reporter-output>
        </test-method> <!-- tearDown -->
      </class> <!-- QA_Assessment.hoyts_qa_test.searchMovie -->
    </test> <!-- Default test -->
  </suite> <!-- Default suite -->
</testng-results>
