<?xml version="1.0" encoding="UTF-8"?>
<!-- Generated by org.testng.reporters.JUnitReportReporter -->
<testsuite hostname="DESKTOP-S25BHK2" failures="0" tests="2" name="QA_Assessment.hoyts_qa_test.giftCard" time="21.724" errors="0" timestamp="2026-03-29T12:19:43 VET" skipped="0">
  <testcase classname="QA_Assessment.hoyts_qa_test.giftCard" name="pickMostPopularGiftCardFromMainPage" time="9.466"/>
  <testcase classname="QA_Assessment.hoyts_qa_test.giftCard" name="pickFromGiftCardsPage" time="12.258"/>
</testsuite> <!-- QA_Assessment.hoyts_qa_test.giftCard -->
