<?xml version="1.0" encoding="UTF-8"?>
<!-- Generated by org.testng.reporters.JUnitReportReporter -->
<testsuite hostname="DESKTOP-S25BHK2" failures="0" tests="2" name="QA_Assessment.hoyts_qa_test.giftCardTests" time="19.878" errors="0" timestamp="2026-03-29T17:48:26 VET" skipped="0">
  <testcase classname="QA_Assessment.hoyts_qa_test.giftCardTests" name="pickFromGiftCardsPage" time="10.254"/>
  <testcase classname="QA_Assessment.hoyts_qa_test.giftCardTests" name="pickMostPopularGiftCardFromMainPage" time="9.624"/>
</testsuite> <!-- QA_Assessment.hoyts_qa_test.giftCardTests -->
