<?xml version="1.0" encoding="UTF-8"?>
<!-- Generated by org.testng.reporters.JUnitReportReporter -->
<testsuite hostname="DESKTOP-S25BHK2" failures="0" tests="2" name="QA_Assessment.hoyts_qa_test.giftCard" time="38.492" errors="0" timestamp="2026-03-28T16:49:57 VET" skipped="0">
  <testcase classname="QA_Assessment.hoyts_qa_test.giftCard" name="pickMostPopularGiftCard" time="19.134"/>
  <testcase classname="QA_Assessment.hoyts_qa_test.giftCard" name="pickFromGiftCardsPage" time="19.358"/>
</testsuite> <!-- QA_Assessment.hoyts_qa_test.giftCard -->
