<?xml version="1.0" encoding="UTF-8"?>
<!-- Generated by org.testng.reporters.JUnitReportReporter -->
<testsuite hostname="DESKTOP-S25BHK2" failures="0" tests="2" name="QA_Assessment.hoyts_qa_test.giftCardTests" time="31.493" errors="0" timestamp="2026-04-03T20:43:53 VET" skipped="0">
  <testcase classname="QA_Assessment.hoyts_qa_test.giftCardTests" name="pickFromGiftCardsPage" time="23.511"/>
  <testcase classname="QA_Assessment.hoyts_qa_test.giftCardTests" name="pickMostPopularGiftCardFromMainPage" time="7.982"/>
</testsuite> <!-- QA_Assessment.hoyts_qa_test.giftCardTests -->
