<?xml version="1.0" encoding="UTF-8"?>
<testng-results ignored="0" total="2" passed="2" failed="0" skipped="0">
  <reporter-output>
  </reporter-output>
  <suite started-at="2026-03-29T12:19:21 VET" name="Default suite" finished-at="2026-03-29T12:19:43 VET" duration-ms="21768">
    <groups>
    </groups>
    <test started-at="2026-03-29T12:19:21 VET" name="Default test" finished-at="2026-03-29T12:19:43 VET" duration-ms="21768">
      <class name="QA_Assessment.hoyts_qa_test.giftCard">
        <test-method is-config="true" signature="launchApplication()[pri:0, instance:QA_Assessment.hoyts_qa_test.giftCard@776aec5c]" started-at="2026-03-29T12:19:21 VET" name="launchApplication" finished-at="2026-03-29T12:19:23 VET" duration-ms="2063" status="PASS">
          <reporter-output>
          </reporter-output>
        </test-method> <!-- launchApplication -->
        <test-method signature="pickFromGiftCardsPage()[pri:0, instance:QA_Assessment.hoyts_qa_test.giftCard@776aec5c]" started-at="2026-03-29T12:19:23 VET" name="pickFromGiftCardsPage" finished-at="2026-03-29T12:19:33 VET" duration-ms="10180" status="PASS">
          <reporter-output>
          </reporter-output>
        </test-method> <!-- pickFromGiftCardsPage -->
        <test-method is-config="true" signature="tearDown()[pri:0, instance:QA_Assessment.hoyts_qa_test.giftCard@776aec5c]" started-at="2026-03-29T12:19:33 VET" name="tearDown" finished-at="2026-03-29T12:19:33 VET" duration-ms="378" status="PASS">
          <reporter-output>
          </reporter-output>
        </test-method> <!-- tearDown -->
        <test-method is-config="true" signature="launchApplication()[pri:0, instance:QA_Assessment.hoyts_qa_test.giftCard@776aec5c]" started-at="2026-03-29T12:19:33 VET" name="launchApplication" finished-at="2026-03-29T12:19:35 VET" duration-ms="1700" status="PASS">
          <reporter-output>
          </reporter-output>
        </test-method> <!-- launchApplication -->
        <test-method signature="pickMostPopularGiftCardFromMainPage()[pri:0, instance:QA_Assessment.hoyts_qa_test.giftCard@776aec5c]" started-at="2026-03-29T12:19:35 VET" name="pickMostPopularGiftCardFromMainPage" finished-at="2026-03-29T12:19:42 VET" duration-ms="7063" status="PASS">
          <reporter-output>
          </reporter-output>
        </test-method> <!-- pickMostPopularGiftCardFromMainPage -->
        <test-method is-config="true" signature="tearDown()[pri:0, instance:QA_Assessment.hoyts_qa_test.giftCard@776aec5c]" started-at="2026-03-29T12:19:42 VET" name="tearDown" finished-at="2026-03-29T12:19:43 VET" duration-ms="340" status="PASS">
          <reporter-output>
          </reporter-output>
        </test-method> <!-- tearDown -->
      </class> <!-- QA_Assessment.hoyts_qa_test.giftCard -->
    </test> <!-- Default test -->
  </suite> <!-- Default suite -->
</testng-results>
