<?xml version="1.0" encoding="UTF-8"?>
<testng-results ignored="0" total="2" passed="2" failed="0" skipped="0">
  <reporter-output>
  </reporter-output>
  <suite started-at="2026-03-29T17:48:06 VET" name="Default suite" finished-at="2026-03-29T17:48:26 VET" duration-ms="19923">
    <groups>
    </groups>
    <test started-at="2026-03-29T17:48:06 VET" name="Default test" finished-at="2026-03-29T17:48:26 VET" duration-ms="19923">
      <class name="QA_Assessment.hoyts_qa_test.giftCardTests">
        <test-method is-config="true" signature="launchApplication()[pri:0, instance:QA_Assessment.hoyts_qa_test.giftCardTests@776aec5c]" started-at="2026-03-29T17:48:06 VET" name="launchApplication" finished-at="2026-03-29T17:48:08 VET" duration-ms="2355" status="PASS">
          <reporter-output>
          </reporter-output>
        </test-method> <!-- launchApplication -->
        <test-method signature="pickFromGiftCardsPage()[pri:0, instance:QA_Assessment.hoyts_qa_test.giftCardTests@776aec5c]" started-at="2026-03-29T17:48:08 VET" name="pickFromGiftCardsPage" finished-at="2026-03-29T17:48:16 VET" duration-ms="7845" status="PASS">
          <reporter-output>
          </reporter-output>
        </test-method> <!-- pickFromGiftCardsPage -->
        <test-method is-config="true" signature="tearDown()[pri:0, instance:QA_Assessment.hoyts_qa_test.giftCardTests@776aec5c]" started-at="2026-03-29T17:48:16 VET" name="tearDown" finished-at="2026-03-29T17:48:16 VET" duration-ms="399" status="PASS">
          <reporter-output>
          </reporter-output>
        </test-method> <!-- tearDown -->
        <test-method is-config="true" signature="launchApplication()[pri:0, instance:QA_Assessment.hoyts_qa_test.giftCardTests@776aec5c]" started-at="2026-03-29T17:48:16 VET" name="launchApplication" finished-at="2026-03-29T17:48:18 VET" duration-ms="2010" status="PASS">
          <reporter-output>
          </reporter-output>
        </test-method> <!-- launchApplication -->
        <test-method signature="pickMostPopularGiftCardFromMainPage()[pri:0, instance:QA_Assessment.hoyts_qa_test.giftCardTests@776aec5c]" started-at="2026-03-29T17:48:18 VET" name="pickMostPopularGiftCardFromMainPage" finished-at="2026-03-29T17:48:25 VET" duration-ms="6918" status="PASS">
          <reporter-output>
          </reporter-output>
        </test-method> <!-- pickMostPopularGiftCardFromMainPage -->
        <test-method is-config="true" signature="tearDown()[pri:0, instance:QA_Assessment.hoyts_qa_test.giftCardTests@776aec5c]" started-at="2026-03-29T17:48:25 VET" name="tearDown" finished-at="2026-03-29T17:48:26 VET" duration-ms="351" status="PASS">
          <reporter-output>
          </reporter-output>
        </test-method> <!-- tearDown -->
      </class> <!-- QA_Assessment.hoyts_qa_test.giftCardTests -->
    </test> <!-- Default test -->
  </suite> <!-- Default suite -->
</testng-results>
