<?xml version="1.0" encoding="UTF-8"?>
<!-- Generated by org.testng.reporters.JUnitReportReporter -->
<testsuite hostname="DESKTOP-S25BHK2" failures="0" tests="2" name="QA_Assessment.hoyts_qa_test.searchMovie" time="19.950" errors="0" timestamp="2026-03-23T19:13:10 VET" skipped="0">
  <testcase classname="QA_Assessment.hoyts_qa_test.searchMovie" name="searchValidMovieTest" time="13.373"/>
  <testcase classname="QA_Assessment.hoyts_qa_test.searchMovie" name="searchInvalidMovieTest" time="6.577"/>
</testsuite> <!-- QA_Assessment.hoyts_qa_test.searchMovie -->
