<?xml version="1.0" encoding="UTF-8"?>
<!-- Generated by org.testng.reporters.JUnitReportReporter -->
<testsuite hostname="DESKTOP-S25BHK2" failures="0" tests="2" name="QA_Assessment.hoyts_qa_test.searchMovie" time="25.064" errors="0" timestamp="2026-03-29T18:23:35 VET" skipped="0">
  <testcase classname="QA_Assessment.hoyts_qa_test.searchMovie" name="searchValidMovieTest" time="12.361"/>
  <testcase classname="QA_Assessment.hoyts_qa_test.searchMovie" name="searchInvalidMovieTest" time="12.703"/>
</testsuite> <!-- QA_Assessment.hoyts_qa_test.searchMovie -->
