<?xml version="1.0" encoding="UTF-8"?>
<!-- Generated by org.testng.reporters.JUnitXMLReporter -->
<testsuite ignored="0" hostname="DESKTOP-S25BHK2" failures="0" tests="2" name="Default test" time="19.139" errors="0" timestamp="2026-03-29T12:17:29 VET">
  <testcase classname="QA_Assessment.hoyts_qa_test.searchMovie" name="searchInvalidMovieTest" time="7.312"/>
  <testcase classname="QA_Assessment.hoyts_qa_test.searchMovie" name="searchValidMovieTest" time="7.338"/>
</testsuite> <!-- Default test -->
