<?xml version="1.0" encoding="UTF-8"?>
<!-- Generated by org.testng.reporters.JUnitXMLReporter -->
<testsuite ignored="0" hostname="DESKTOP-S25BHK2" failures="0" tests="2" name="Default test" time="38.537" errors="0" timestamp="2026-03-28T16:49:57 VET">
  <testcase classname="QA_Assessment.hoyts_qa_test.giftCard" name="pickFromGiftCardsPage" time="17.587"/>
  <testcase classname="QA_Assessment.hoyts_qa_test.giftCard" name="pickMostPopularGiftCard" time="15.664"/>
</testsuite> <!-- Default test -->
