<?xml version="1.0" encoding="UTF-8"?>
<!-- Generated by org.testng.reporters.JUnitXMLReporter -->
<testsuite ignored="0" hostname="DESKTOP-S25BHK2" failures="0" tests="2" name="Default test" time="21.768" errors="0" timestamp="2026-03-29T12:19:43 VET">
  <testcase classname="QA_Assessment.hoyts_qa_test.giftCard" name="pickFromGiftCardsPage" time="10.18"/>
  <testcase classname="QA_Assessment.hoyts_qa_test.giftCard" name="pickMostPopularGiftCardFromMainPage" time="7.063"/>
</testsuite> <!-- Default test -->
